  Source.cpp
C:\Users\minah\OneDrive\Desktop\oop_c++\lab9final\lab9final\Source.cpp(271,24): warning C4305: 'argument': truncation from 'double' to 't'
          with
          [
              t=float
          ]
C:\Users\minah\OneDrive\Desktop\oop_c++\lab9final\lab9final\Source.cpp(273,24): warning C4305: 'argument': truncation from 'double' to 't'
          with
          [
              t=float
          ]
C:\Users\minah\OneDrive\Desktop\oop_c++\lab9final\lab9final\Source.cpp(275,24): warning C4305: 'argument': truncation from 'double' to 't'
          with
          [
              t=float
          ]
C:\Users\minah\OneDrive\Desktop\oop_c++\lab9final\lab9final\Source.cpp(279,57): warning C4305: 'argument': truncation from 'double' to 't'
          with
          [
              t=float
          ]
C:\Users\minah\OneDrive\Desktop\oop_c++\lab9final\lab9final\Source.cpp(73,16): warning C4244: 'return': conversion from 't' to 'int', possible loss of data
          with
          [
              t=float
          ]
C:\Users\minah\OneDrive\Desktop\oop_c++\lab9final\lab9final\Source.cpp(62,1): message : while compiling class template member function 'int Array<float>::setElement(int,t)'
          with
          [
              t=float
          ]
C:\Users\minah\OneDrive\Desktop\oop_c++\lab9final\lab9final\Source.cpp(271,17): message : see reference to function template instantiation 'int Array<float>::setElement(int,t)' being compiled
          with
          [
              t=float
          ]
C:\Users\minah\OneDrive\Desktop\oop_c++\lab9final\lab9final\Source.cpp(269,19): message : see reference to class template instantiation 'Array<float>' being compiled
C:\Users\minah\OneDrive\Desktop\oop_c++\lab9final\lab9final\Source.cpp(178): warning C4715: 'Array<int>::operator==': not all control paths return a value
  lab9final.vcxproj -> C:\Users\minah\OneDrive\Desktop\oop_c++\lab9final\x64\Debug\lab9final.exe
